[    0.000000] Initializing cgroup subsys cpuset
[    0.000000] Initializing cgroup subsys cpu
[    0.000000] Initializing cgroup subsys cpuacct
[    0.000000] Linux version 4.4.0-116-generic (buildd@lgw01-amd64-021) (gcc version 5.4.0 20160609 (Ubuntu 5.4.0-6ubuntu1~16.04.9) ) #140-Ubuntu SMP Mon Feb 12 21:23:04 UTC 2018 (Ubuntu 4.4.0-116.140-generic 4.4.98)
[    0.000000] Command line: BOOT_IMAGE=/boot/vmlinuz-4.4.0-116-generic root=LABEL=cloudimg-rootfs ro console=tty1 console=ttyS0
[    0.000000] KERNEL supported cpus:
[    0.000000]   Intel GenuineIntel
[    0.000000]   AMD AuthenticAMD
[    0.000000]   Centaur CentaurHauls
[    0.000000] x86/fpu: Supporting XSAVE feature 0x01: 'x87 floating point registers'
[    0.000000] x86/fpu: Supporting XSAVE feature 0x02: 'SSE registers'
[    0.000000] x86/fpu: Enabled xstate features 0x3, context size is 576 bytes, using 'standard' format.
[    0.000000] x86/fpu: Using 'lazy' FPU context switches.
[    0.000000] e820: BIOS-provided physical RAM map:
[    0.000000] BIOS-e820: [mem 0x0000000000000000-0x000000000009fbff] usable
[    0.000000] BIOS-e820: [mem 0x000000000009fc00-0x000000000009ffff] reserved
[    0.000000] BIOS-e820: [mem 0x00000000000f0000-0x00000000000fffff] reserved
[    0.000000] BIOS-e820: [mem 0x0000000000100000-0x000000003ffeffff] usable
[    0.000000] BIOS-e820: [mem 0x000000003fff0000-0x000000003fffffff] ACPI data
[    0.000000] BIOS-e820: [mem 0x00000000fec00000-0x00000000fec00fff] reserved
[    0.000000] BIOS-e820: [mem 0x00000000fee00000-0x00000000fee00fff] reserved
[    0.000000] BIOS-e820: [mem 0x00000000fffc0000-0x00000000ffffffff] reserved
[    0.000000] NX (Execute Disable) protection: active
[    0.000000] SMBIOS 2.5 present.
[    0.000000] Hypervisor detected: KVM
[    0.000000] e820: last_pfn = 0x3fff0 max_arch_pfn = 0x400000000
[    0.000000] MTRR: Disabled
[    0.000000] x86/PAT: MTRRs disabled, skipping PAT initialization too.
[    0.000000] CPU MTRRs all blank - virtualized system.
[    0.000000] x86/PAT: Configuraton [0-7]: WB  WT  UC- UC  WB  WT  UC- UC  
[    0.000000] found SMP MP-table at [mem 0x0009fff0-0x0009ffff] mapped at [ffff88000009fff0]
[    0.000000] Scanning 1 areas for low memory corruption
[    0.000000] RAMDISK: [mem 0x36ac2000-0x37558fff]
[    0.000000] ACPI: Early table checksum verification disabled
[    0.000000] ACPI: RSDP 0x00000000000E0000 000024 (v02 VBOX  )
[    0.000000] ACPI: XSDT 0x000000003FFF0030 00003C (v01 VBOX   VBOXXSDT 00000001 ASL  00000061)
[    0.000000] ACPI: FACP 0x000000003FFF00F0 0000F4 (v04 VBOX   VBOXFACP 00000001 ASL  00000061)
[    0.000000] ACPI: DSDT 0x000000003FFF0470 0021FF (v02 VBOX   VBOXBIOS 00000002 INTL 20100528)
[    0.000000] ACPI: FACS 0x000000003FFF0200 000040
[    0.000000] ACPI: FACS 0x000000003FFF0200 000040
[    0.000000] ACPI: APIC 0x000000003FFF0240 00005C (v02 VBOX   VBOXAPIC 00000001 ASL  00000061)
[    0.000000] ACPI: SSDT 0x000000003FFF02A0 0001CC (v01 VBOX   VBOXCPUT 00000002 INTL 20100528)
[    0.000000] No NUMA configuration found
[    0.000000] Faking a node at [mem 0x0000000000000000-0x000000003ffeffff]
[    0.000000] NODE_DATA(0) allocated [mem 0x3ffeb000-0x3ffeffff]
[    0.000000] kvm-clock: Using msrs 4b564d01 and 4b564d00
[    0.000000] kvm-clock: cpu 0, msr 0:3ffe3001, primary cpu clock
[    0.000000] kvm-clock: using sched offset of 3108809889 cycles
[    0.000000] clocksource: kvm-clock: mask: 0xffffffffffffffff max_cycles: 0x1cd42e4dffb, max_idle_ns: 881590591483 ns
[    0.000000] Zone ranges:
[    0.000000]   DMA      [mem 0x0000000000001000-0x0000000000ffffff]
[    0.000000]   DMA32    [mem 0x0000000001000000-0x000000003ffeffff]
[    0.000000]   Normal   empty
[    0.000000]   Device   empty
[    0.000000] Movable zone start for each node
[    0.000000] Early memory node ranges
[    0.000000]   node   0: [mem 0x0000000000001000-0x000000000009efff]
[    0.000000]   node   0: [mem 0x0000000000100000-0x000000003ffeffff]
[    0.000000] Initmem setup node 0 [mem 0x0000000000001000-0x000000003ffeffff]
[    0.000000] ACPI: PM-Timer IO Port: 0x4008
[    0.000000] IOAPIC[0]: apic_id 2, version 32, address 0xfec00000, GSI 0-23
[    0.000000] ACPI: INT_SRC_OVR (bus 0 bus_irq 0 global_irq 2 dfl dfl)
[    0.000000] ACPI: INT_SRC_OVR (bus 0 bus_irq 9 global_irq 9 high level)
[    0.000000] Using ACPI (MADT) for SMP configuration information
[    0.000000] smpboot: Allowing 2 CPUs, 0 hotplug CPUs
[    0.000000] PM: Registered nosave memory: [mem 0x00000000-0x00000fff]
[    0.000000] PM: Registered nosave memory: [mem 0x0009f000-0x0009ffff]
[    0.000000] PM: Registered nosave memory: [mem 0x000a0000-0x000effff]
[    0.000000] PM: Registered nosave memory: [mem 0x000f0000-0x000fffff]
[    0.000000] e820: [mem 0x40000000-0xfebfffff] available for PCI devices
[    0.000000] Booting paravirtualized kernel on KVM
[    0.000000] clocksource: refined-jiffies: mask: 0xffffffff max_cycles: 0xffffffff, max_idle_ns: 7645519600211568 ns
[    0.000000] setup_percpu: NR_CPUS:512 nr_cpumask_bits:512 nr_cpu_ids:2 nr_node_ids:1
[    0.000000] PERCPU: Embedded 34 pages/cpu @ffff88003fc00000 s99544 r8192 d31528 u1048576
[    0.000000] PV qspinlock hash table entries: 256 (order: 0, 4096 bytes)
[    0.000000] Built 1 zonelists in Node order, mobility grouping on.  Total pages: 257913
[    0.000000] Policy zone: DMA32
[    0.000000] Kernel command line: BOOT_IMAGE=/boot/vmlinuz-4.4.0-116-generic root=LABEL=cloudimg-rootfs ro console=tty1 console=ttyS0
[    0.000000] PID hash table entries: 4096 (order: 3, 32768 bytes)
[    0.000000] Memory: 1001688K/1048120K available (8530K kernel code, 1309K rwdata, 3992K rodata, 1508K init, 1316K bss, 46432K reserved, 0K cma-reserved)
[    0.000000] SLUB: HWalign=64, Order=0-3, MinObjects=0, CPUs=2, Nodes=1
[    0.000000] Kernel/User page tables isolation: enabled
[    0.000000] Hierarchical RCU implementation.
[    0.000000] 	Build-time adjustment of leaf fanout to 64.
[    0.000000] 	RCU restricting CPUs from NR_CPUS=512 to nr_cpu_ids=2.
[    0.000000] RCU: Adjusting geometry for rcu_fanout_leaf=64, nr_cpu_ids=2
[    0.000000] NR_IRQS:33024 nr_irqs:440 16
[    0.000000] Console: colour VGA+ 80x25
[    0.000000] console [tty1] enabled
[    0.000000] console [ttyS0] enabled
[    0.000000] tsc: Detected 2194.916 MHz processor
[   12.686588] Calibrating delay loop (skipped) preset value.. 4389.83 BogoMIPS (lpj=8779664)
[   12.906722] pid_max: default: 32768 minimum: 301
[   13.007144] ACPI: Core revision 20150930
[   13.108991] ACPI: 2 ACPI AML tables successfully acquired and loaded
[   13.227763] Security Framework initialized
[   13.321587] Yama: becoming mindful.
[   13.411620] AppArmor: AppArmor initialized
[   13.501702] Dentry cache hash table entries: 131072 (order: 8, 1048576 bytes)
[   13.683406] Inode-cache hash table entries: 65536 (order: 7, 524288 bytes)
[   13.754596] Mount-cache hash table entries: 2048 (order: 2, 16384 bytes)
[   13.755707] Mountpoint-cache hash table entries: 2048 (order: 2, 16384 bytes)
[   13.827811] Initializing cgroup subsys io
[   13.924655] Initializing cgroup subsys memory
[   13.925440] Initializing cgroup subsys devices
[   13.942118] Initializing cgroup subsys freezer
[   13.951283] Initializing cgroup subsys net_cls
[   14.064181] Initializing cgroup subsys perf_event
[   14.138888] Initializing cgroup subsys net_prio
[   14.139707] Initializing cgroup subsys hugetlb
[   14.140485] Initializing cgroup subsys pids
[   14.212330] CPU: Physical Processor ID: 0
[   14.287957] CPU: Processor Core ID: 0
[   14.315960] FEATURE SPEC_CTRL Not Present
[   14.323651] mce: CPU supports 0 MCE banks
[   14.431736] Last level iTLB entries: 4KB 1024, 2MB 1024, 4MB 1024
[   14.443762] Last level dTLB entries: 4KB 1024, 2MB 1024, 4MB 1024, 1GB 4
[   14.566800] Spectre V2 mitigation: Mitigation: Full generic retpoline
[   14.679543] Spectre V2 mitigation: Speculation control IBPB not-supported IBRS not-supported
[   14.770227] Freeing SMP alternatives memory: 32K
[   14.868089] ftrace: allocating 32186 entries in 126 pages
[   15.030312] smpboot: APIC(0) Converting physical 0 to logical package 0
[   15.145995] smpboot: Max logical packages: 1
[   15.154324] x2apic enabled
[   15.165012] Switched APIC routing to physical x2apic.
[   15.186357] ..TIMER: vector=0x30 apic1=0 pin1=2 apic2=-1 pin2=-1
[   15.415056] smpboot: CPU0: Intel(R) Core(TM) i7-4702MQ CPU @ 2.20GHz (family: 0x6, model: 0x3c, stepping: 0x3)
[   15.676831] Performance Events: unsupported p6 CPU model 60 no PMU driver, software events only.
[   15.876102] KVM setup paravirtual spinlock
[   15.974670] x86: Booting SMP configuration:
[   16.070099] .... node  #0, CPUs:      #1
[   16.178865] kvm-clock: cpu 1, msr 0:3ffe3041, secondary cpu clock
[   16.324032] mce: CPU supports 0 MCE banks
[   16.382777] x86: Booted up 1 node, 2 CPUs
[   16.449661] smpboot: Total of 2 processors activated (8779.66 BogoMIPS)
[   16.616008] devtmpfs: initialized
[   16.714330] evm: security.selinux
[   16.789978] evm: security.SMACK64
[   16.879008] evm: security.SMACK64EXEC
[   16.923226] evm: security.SMACK64TRANSMUTE
[   16.923975] evm: security.SMACK64MMAP
[   17.001014] evm: security.ima
[   17.086517] evm: security.capability
[   17.165742] clocksource: jiffies: mask: 0xffffffff max_cycles: 0xffffffff, max_idle_ns: 7645041785100000 ns
[   17.375436] futex hash table entries: 512 (order: 3, 32768 bytes)
[   17.452097] pinctrl core: initialized pinctrl subsystem
[   17.558309] RTC time: 11:07:17, date: 05/14/18
[   17.667299] NET: Registered protocol family 16
[   17.795807] cpuidle: using governor ladder
[   17.923315] cpuidle: using governor menu
[   18.022701] PCCT header not found.
[   18.123773] ACPI: bus type PCI registered
[   18.236690] acpiphp: ACPI Hot Plug PCI Controller Driver version: 0.5
[   18.403051] PCI: Using configuration type 1 for base access
[   18.568389] ACPI: Added _OSI(Module Device)
[   18.666798] ACPI: Added _OSI(Processor Device)
[   18.773276] ACPI: Added _OSI(3.0 _SCP Extensions)
[   18.813791] ACPI: Added _OSI(Processor Aggregator Device)
[   18.938156] ACPI: Executed 1 blocks of module-level executable AML code
[   19.093135] ACPI: Interpreter enabled
[   19.193309] ACPI: (supports S0 S5)
[   19.273814] ACPI: Using IOAPIC for interrupt routing
[   19.414084] PCI: Using host bridge windows from ACPI; if necessary, use "pci=nocrs" and report a bug
[   19.636165] ACPI: PCI Root Bridge [PCI0] (domain 0000 [bus 00-ff])
[   19.796942] acpi PNP0A03:00: _OSC: OS supports [ASPM ClockPM Segments MSI]
[   19.950574] acpi PNP0A03:00: _OSC: not requesting OS control; OS requires [ExtendedConfig ASPM ClockPM MSI]
[   20.231812] acpi PNP0A03:00: fail to add MMCONFIG information, can't access extended PCI configuration space under this bridge.
[   20.537201] PCI host bridge to bus 0000:00
[   20.632587] pci_bus 0000:00: root bus resource [io  0x0000-0x0cf7 window]
[   20.701390] pci_bus 0000:00: root bus resource [io  0x0d00-0xffff window]
[   20.885104] pci_bus 0000:00: root bus resource [mem 0x000a0000-0x000bffff window]
[   21.107361] pci_bus 0000:00: root bus resource [mem 0x40000000-0xffdfffff window]
[   21.304890] pci_bus 0000:00: root bus resource [bus 00-ff]
[   21.442308] pci 0000:00:01.1: legacy IDE quirk: reg 0x10: [io  0x01f0-0x01f7]
[   21.478179] pci 0000:00:01.1: legacy IDE quirk: reg 0x14: [io  0x03f6]
[   21.610855] pci 0000:00:01.1: legacy IDE quirk: reg 0x18: [io  0x0170-0x0177]
[   21.776250] pci 0000:00:01.1: legacy IDE quirk: reg 0x1c: [io  0x0376]
[   21.984205] pci 0000:00:07.0: quirk: [io  0x4000-0x403f] claimed by PIIX4 ACPI
[   22.199185] pci 0000:00:07.0: quirk: [io  0x4100-0x410f] claimed by PIIX4 SMB
[   22.380549] ACPI: PCI Interrupt Link [LNKA] (IRQs 5 9 10 *11)
[   22.489915] ACPI: PCI Interrupt Link [LNKB] (IRQs 5 9 10 *11)
[   22.608302] ACPI: PCI Interrupt Link [LNKC] (IRQs 5 9 *10 11)
[   22.695931] ACPI: PCI Interrupt Link [LNKD] (IRQs 5 *9 10 11)
[   22.822896] ACPI: Enabled 2 GPEs in block 00 to 07
[   22.931081] vgaarb: setting as boot device: PCI:0000:00:02.0
[   23.066482] vgaarb: device added: PCI:0000:00:02.0,decodes=io+mem,owns=io+mem,locks=none
[   23.225134] vgaarb: loaded
[   23.291330] vgaarb: bridge control possible 0000:00:02.0
[   23.317079] SCSI subsystem initialized
[   23.412952] ACPI: bus type USB registered
[   23.516388] usbcore: registered new interface driver usbfs
[   23.648942] usbcore: registered new interface driver hub
[   23.735167] usbcore: registered new device driver usb
[   23.811550] PCI: Using ACPI for IRQ routing
[   23.896260] NetLabel: Initializing
[   23.911764] NetLabel:  domain hash size = 128
[   24.010473] NetLabel:  protocols = UNLABELED CIPSOv4
[   24.162033] NetLabel:  unlabeled traffic allowed by default
[   24.286152] amd_nb: Cannot enumerate AMD northbridges
[   24.351288] clocksource: Switched to clocksource kvm-clock
[   24.366249] AppArmor: AppArmor Filesystem Enabled
[   24.507067] pnp: PnP ACPI init
[   24.603716] pnp: PnP ACPI: found 3 devices
[   24.686705] clocksource: acpi_pm: mask: 0xffffff max_cycles: 0xffffff, max_idle_ns: 2085701024 ns
[   24.957651] NET: Registered protocol family 2
[   25.085239] TCP established hash table entries: 8192 (order: 4, 65536 bytes)
[   25.200678] TCP bind hash table entries: 8192 (order: 5, 131072 bytes)
[   25.399705] TCP: Hash tables configured (established 8192 bind 8192)
[   25.597731] UDP hash table entries: 512 (order: 2, 16384 bytes)
[   25.783733] UDP-Lite hash table entries: 512 (order: 2, 16384 bytes)
[   25.970945] NET: Registered protocol family 1
[   26.071346] pci 0000:00:00.0: Limiting direct PCI/PCI transfers
[   26.249796] pci 0000:00:01.0: Activating ISA DMA hang workarounds
[   26.437926] Unpacking initramfs...
[   28.344208] Freeing initrd memory: 10844K
[   28.407796] RAPL PMU detected, API unit is 2^-32 Joules, 4 fixed counters 10737418240 ms ovfl timer
[   28.596346] hw unit of domain pp0-core 2^-0 Joules
[   28.651985] hw unit of domain package 2^-0 Joules
[   28.653144] hw unit of domain dram 2^-0 Joules
[   28.654260] hw unit of domain pp1-gpu 2^-0 Joules
[   28.682813] platform rtc_cmos: registered platform RTC device (no PNP device found)
[   28.686191] Scanning for low memory corruption every 60 seconds
[   28.692082] audit: initializing netlink subsys (disabled)
[   28.778297] audit: type=2000 audit(1526296029.822:1): initialized
[   28.924394] Initialise system trusted keyring
[   29.013283] HugeTLB registered 2 MB page size, pre-allocated 0 pages
[   29.159645] zbud: loaded
[   29.235963] VFS: Disk quotas dquot_6.6.0
[   29.315179] VFS: Dquot-cache hash table entries: 512 (order 0, 4096 bytes)
[   29.450469] squashfs: version 4.0 (2009/01/31) Phillip Lougher
[   29.521580] fuse init (API version 7.23)
[   29.564899] Key type big_key registered
[   29.565645] Allocating IMA MOK and blacklist keyrings.
[   29.670659] Key type asymmetric registered
[   29.723436] tsc: Refined TSC clocksource calibration: 2194.887 MHz
[   29.840463] clocksource: tsc: mask: 0xffffffffffffffff max_cycles: 0x1fa354ed437, max_idle_ns: 440795309533 ns
[   29.843314] Asymmetric key parser 'x509' registered
[   29.843369] Block layer SCSI generic (bsg) driver version 0.4 loaded (major 249)
[   29.843406] io scheduler noop registered
[   29.843408] io scheduler deadline registered (default)
[   29.843435] io scheduler cfq registered
[   29.843529] pci_hotplug: PCI Hot Plug PCI Core version: 0.5
[   29.843535] pciehp: PCI Express Hot Plug Controller Driver version: 0.4
[   29.843656] ACPI: AC Adapter [AC] (on-line)
[   29.843704] input: Power Button as /devices/LNXSYSTM:00/LNXPWRBN:00/input/input0
[   29.843707] ACPI: Power Button [PWRF]
[   29.843769] input: Sleep Button as /devices/LNXSYSTM:00/LNXSLPBN:00/input/input1
[   29.843771] ACPI: Sleep Button [SLPF]
[   29.843952] GHES: HEST is not enabled!
[   29.924277] ACPI: Battery Slot [BAT0] (battery present)
[   29.924386] Serial: 8250/16550 driver, 32 ports, IRQ sharing enabled
[   29.974167] 00:02: ttyS0 at I/O 0x3f8 (irq = 4, base_baud = 115200) is a 16550A
[   29.995595] Linux agpgart interface v0.103
[   30.050475] loop: module loaded
[   30.051007] scsi host0: ata_piix
[   30.051057] scsi host1: ata_piix
[   30.051086] ata1: PATA max UDMA/33 cmd 0x1f0 ctl 0x3f6 bmdma 0xd000 irq 14
[   30.051087] ata2: PATA max UDMA/33 cmd 0x170 ctl 0x376 bmdma 0xd008 irq 15
[   30.051158] libphy: Fixed MDIO Bus: probed
[   30.051160] tun: Universal TUN/TAP device driver, 1.6
[   30.051160] tun: (C) 1999-2004 Max Krasnyansky <maxk@qualcomm.com>
[   30.051519] PPP generic driver version 2.4.2
[   30.051573] ehci_hcd: USB 2.0 'Enhanced' Host Controller (EHCI) Driver
[   30.051577] ehci-pci: EHCI PCI platform driver
[   30.051585] ehci-platform: EHCI generic platform driver
[   30.051592] ohci_hcd: USB 1.1 'Open' Host Controller (OHCI) Driver
[   30.051595] ohci-pci: OHCI PCI platform driver
[   30.051602] ohci-platform: OHCI generic platform driver
[   30.051609] uhci_hcd: USB Universal Host Controller Interface driver
[   30.051657] i8042: PNP: PS/2 Controller [PNP0303:PS2K,PNP0f03:PS2M] at 0x60,0x64 irq 1,12
[   30.052121] serio: i8042 KBD port at 0x60,0x64 irq 1
[   30.052124] serio: i8042 AUX port at 0x60,0x64 irq 12
[   30.052233] mousedev: PS/2 mouse device common for all mice
[   30.052503] input: AT Translated Set 2 keyboard as /devices/platform/i8042/serio0/input/input2
[   30.052819] rtc_cmos rtc_cmos: rtc core: registered rtc_cmos as rtc0
[   30.052872] rtc_cmos rtc_cmos: alarms up to one day, 114 bytes nvram
[   30.052879] i2c /dev entries driver
[   30.052923] device-mapper: uevent: version 1.0.3
[   30.052972] device-mapper: ioctl: 4.34.0-ioctl (2015-10-28) initialised: dm-devel@redhat.com
[   30.052993] ledtrig-cpu: registered to indicate activity on CPUs
[   30.053242] NET: Registered protocol family 10
[   30.053373] NET: Registered protocol family 17
[   30.053384] Key type dns_resolver registered
[   30.053506] microcode: CPU0 sig=0x306c3, pf=0x40, revision=0x0
[   30.075510] microcode: CPU1 sig=0x306c3, pf=0x40, revision=0x0
[   30.075592] microcode: Microcode Update Driver: v2.01 <tigran@aivazian.fsnet.co.uk>, Peter Oruba
[   30.075747] registered taskstats version 1
[   30.075764] Loading compiled-in X.509 certificates
[   30.076649] Loaded X.509 cert 'Build time autogenerated kernel key: aa84f01984fbd529c105810b59e379d349698248'
[   30.076674] zswap: loaded using pool lzo/zbud
[   30.078873] Key type trusted registered
[   30.081757] Key type encrypted registered
[   30.081760] AppArmor: AppArmor sha1 policy hashing enabled
[   30.081763] ima: No TPM chip found, activating TPM-bypass!
[   30.081781] evm: HMAC attrs: 0x1
[   30.082008]   Magic number: 2:276:125
[   30.082034] acpi device:00: hash matches
[   30.094549] rtc_cmos rtc_cmos: setting system clock to 2018-05-14 11:07:30 UTC (1526296050)
[   30.094647] BIOS EDD facility v0.16 2004-Jun-25, 0 devices found
[   30.094648] EDD information not available.
[   32.814171] Freeing unused kernel memory: 1508K
[   32.917876] Write protecting the kernel read-only data: 14336k
[   33.088875] Freeing unused kernel memory: 1700K
[   33.213854] Freeing unused kernel memory: 104K
Loading, please [   33.354633] random: systemd-udevd: uninitialized urandom read (16 bytes read, 4 bits of entropy available)
wait...
startin[   33.355258] random: udevadm: uninitialized urandom read (16 bytes read, 4 bits of entropy available)
g version 229
[   33.355281] random: udevadm: uninitialized urandom read (16 bytes read, 4 bits of entropy available)
[   33.368527] random: udevadm: uninitialized urandom read (16 bytes read, 4 bits of entropy available)
[   33.368573] random: udevadm: uninitialized urandom read (16 bytes read, 4 bits of entropy available)
[   33.368749] random: udevadm: uninitialized urandom read (16 bytes read, 4 bits of entropy available)
[   33.368814] random: udevadm: uninitialized urandom read (16 bytes read, 4 bits of entropy available)
[   33.368873] random: udevadm: uninitialized urandom read (16 bytes read, 4 bits of entropy available)
[   33.368931] random: udevadm: uninitialized urandom read (16 bytes read, 4 bits of entropy available)
[   33.368986] random: udevadm: uninitialized urandom read (16 bytes read, 4 bits of entropy available)
[   34.607043] Fusion MPT base driver 3.04.20
[   34.646774] Copyright (c) 1999-2008 LSI Corporation
[   34.699500] e1000: Intel(R) PRO/1000 Network Driver - version 7.3.21-k8-NAPI
[   34.785195] e1000: Copyright (c) 1999-2006 Intel Corporation.
[   34.807144] SSE version of gcm_enc/dec engaged.
[   34.948261] Fusion MPT SPI Host driver 3.04.20
[   34.996557] input: ImExPS/2 Generic Explorer Mouse as /devices/platform/i8042/serio1/input/input4
[   35.323509] e1000 0000:00:03.0 eth0: (PCI:33MHz:32-bit) 02:a0:c7:70:80:b4
[   35.460203] e1000 0000:00:03.0 eth0: Intel(R) PRO/1000 Network Connection
[   35.462022] mptbase: ioc0: Initiating bringup
[   35.462782] e1000 0000:00:03.0 enp0s3: renamed from eth0
[   35.663771] ioc0: LSI53C1030 A0: Capabilities={Initiator}
[   35.956426] scsi host2: ioc0: LSI53C1030 A0, FwRev=00000000h, Ports=1, MaxQ=256, IRQ=20
[   36.077444] scsi 2:0:0:0: Direct-Access     VBOX     HARDDISK         1.0  PQ: 0 ANSI: 5
[   36.213296] scsi target2:0:0: Beginning Domain Validation
[   36.392065] scsi target2:0:0: Domain Validation skipping write tests
[   36.606092] scsi target2:0:0: Ending Domain Validation
[   36.763172] scsi target2:0:0: asynchronous
[   36.854422] scsi 2:0:1:0: Direct-Access     VBOX     HARDDISK         1.0  PQ: 0 ANSI: 5
[   37.082437] scsi target2:0:1: Beginning Domain Validation
[   37.243983] scsi target2:0:1: Domain Validation skipping write tests
[   37.427201] scsi target2:0:1: Ending Domain Validation
[   37.575338] scsi target2:0:1: asynchronous
[   37.669969] sd 2:0:0:0: [sda] 20971520 512-byte logical blocks: (10.7 GB/10.0 GiB)
[   37.859727] sd 2:0:0:0: Attached scsi generic sg0 type 0
[   37.934456] sd 2:0:1:0: [sdb] 20480 512-byte logical blocks: (10.5 MB/10.0 MiB)
[   38.065082] floppy0: no floppy controllers found
[   38.189109] sd 2:0:0:0: [sda] Write Protect is off
[   38.235276] sd 2:0:1:0: Attached scsi generic sg1 type 0
[   38.236555] sd 2:0:0:0: [sda] Incomplete mode parameter data
[   38.244260] sd 2:0:0:0: [sda] Assuming drive cache: write through
[   38.331876] sd 2:0:1:0: [sdb] Write Protect is off
[   38.332044] sd 2:0:1:0: [sdb] Incomplete mode parameter data
[   38.332045] sd 2:0:1:0: [sdb] Assuming drive cache: write through
[   38.419822] sd 2:0:1:0: [sdb] Attached SCSI disk
[   38.666433]  sda: sda1
[   38.740182] sd 2:0:0:0: [sda] Attached SCSI disk
Begin: Loading e[   40.260683] md: linear personality registered for level -1
ssential drivers[   40.398996] md: multipath personality registered for level -4
 ... [   40.504446] md: raid0 personality registered for level 0
[   40.547737] md: raid1 personality registered for level 1
[   40.739673] raid6: sse2x1   gen()  8767 MB/s
[   40.927694] raid6: sse2x1   xor()  6980 MB/s
[   41.031711] raid6: sse2x2   gen() 11252 MB/s
[   41.191735] raid6: sse2x2   xor()  7517 MB/s
[   41.319750] raid6: sse2x4   gen() 13025 MB/s
[   41.507300] raid6: sse2x4   xor()  9014 MB/s
[   41.620203] raid6: using algorithm sse2x4 gen() 13025 MB/s
[   41.716720] raid6: .... xor() 9014 MB/s, rmw enabled
[   41.866218] raid6: using ssse3x2 recovery algorithm
[   41.899381] xor: measuring software checksum speed
[   42.075360]    prefetch64-sse: 13607.000 MB/sec
[   42.227373]    generic_sse: 12300.000 MB/sec
[   42.332754] xor: using function: prefetch64-sse (13607.000 MB/sec)
[   42.471681] async_tx: api initialized (async)
[   42.628975] md: raid6 personality registered for level 6
[   42.707510] md: raid5 personality registered for level 5
[   42.734191] md: raid4 personality registered for level 4
[   42.827971] md: raid10 personality registered for level 10
done.
Begin: Running /scripts/i[   42.922363] Btrfs loaded
nit-premount ... done.
Begin: Mounting root fil[   42.995464] EXT4-fs (sda1): INFO: recovery required on readonly filesystem
e system ... Beg[   43.184086] EXT4-fs (sda1): write access will be enabled during recovery
in: Running /scripts/local-top ... done.
Begin: Running /scripts/local-premount ... Scanning for Btrfs filesystems
done.
Warning: fsck not pr[   43.325967] EXT4-fs (sda1): orphan cleanup on readonly fs
esent, so skippi[   43.507143] EXT4-fs (sda1): 1 orphan inode deleted
ng root file sys[   43.672122] EXT4-fs (sda1): recovery complete
tem
[   43.683441] EXT4-fs (sda1): mounted filesystem with ordered data mode. Opts: (null)
done.
Begin: Running /scripts/local-bottom ... done.
Begin: Running /scripts/init-bottom ... done.
[   44.009804] systemd[1]: systemd 229 running in system mode. (+PAM +AUDIT +SELINUX +IMA +APPARMOR +SMACK +SYSVINIT +UTMP +LIBCRYPTSETUP +GCRYPT +GNUTLS +ACL +XZ -LZ4 +SECCOMP +BLKID +ELFUTILS +KMOD -IDN)
[   44.308432] systemd[1]: Detected virtualization oracle.
[   44.339494] systemd[1]: Detected architecture x86-64.

Welcome to [1mUbuntu 16.04.4 LTS[0m!

[   44.397052] systemd[1]: Set hostname to <ubuntu-xenial>.
[   44.524926] random: nonblocking pool is initialized
[   44.731081] systemd[1]: Listening on /dev/initctl Compatibility Named Pipe.
[[0;32m  OK  [0m] Listening on /dev/initctl Compatibility Named Pipe.
[   45.024318] systemd[1]: Reached target Swap.
[[0;32m  OK  [0m] Reached target Swap.
[   45.152033] systemd[1]: Started Forward Password Requests to Wall Directory Watch.
[[0;32m  OK  [0m] Started Forward Password Requests to Wall Directory Watch.
[   45.436073] systemd[1]: Listening on LVM2 poll daemon socket.
[[0;32m  OK  [0m] Listening on LVM2 poll daemon socket.
[   45.532148] systemd[1]: Listening on Journal Audit Socket.
[[0;32m  OK  [0m] Listening on Journal Audit Socket.
[   45.683691] systemd[1]: Reached target User and Group Name Lookups.
[[0;32m  OK  [0m] Reached target User and Group Name Lookups.
[   45.888993] systemd[1]: Created slice User and Session Slice.
[[0;32m  OK  [0m] Created slice User and Session Slice.
[   45.992103] systemd[1]: Listening on Journal Socket (/dev/log).
[[0;32m  OK  [0m] Listening on Journal Socket (/dev/log).
[   46.132045] systemd[1]: Listening on LVM2 metadata daemon socket.
[[0;32m  OK  [0m] Listening on LVM2 metadata daemon socket.
[   46.363698] systemd[1]: Listening on Syslog Socket.
[[0;32m  OK  [0m] Listening on Syslog Socket.
[   46.511760] systemd[1]: Listening on udev Control Socket.
[[0;32m  OK  [0m] Listening on udev Control Socket.
[   46.692153] systemd[1]: Listening on udev Kernel Socket.
[[0;32m  OK  [0m] Listening on udev Kernel Socket.
[   46.925166] systemd[1]: Created slice System Slice.
[[0;32m  OK  [0m] Created slice System Slice.
[   47.126562] systemd[1]: Created slice system-serial\x2dgetty.slice.
[[0;32m  OK  [0m] Created slice system-serial\x2dgetty.slice.
[   47.339359] systemd[1]: Reached target Slices.
[[0;32m  OK  [0m] Reached target Slices.
[   47.488640] systemd[1]: Set up automount Arbitrary Executable File Formats File System Automount Point.
[[0;32m  OK  [0m] Set up automount Arbitrary Executab...ats File System Automount Point.
[   47.664234] systemd[1]: Reached target Encrypted Volumes.
[[0;32m  OK  [0m] Reached target Encrypted Volumes.
[   47.863901] systemd[1]: Listening on Journal Socket.
[[0;32m  OK  [0m] Listening on Journal Socket.
[   48.067776] systemd[1]: Starting Nameserver information manager...
         Starting Nameserver information manager...
[   48.209591] systemd[1]: Starting Remount Root and Kernel File Systems...
         [   48.340164] EXT4-fs (sda1): re-mounted. Opts: (null)
Starting Remount Root and Kernel File Systems...
[   48.555825] systemd[1]: Starting Create list of required static device nodes for the current kernel...
         Starting Create list of required st... nodes for the current kernel...
[   48.908388] systemd[1]: Starting Journal Service...
         Starting Journal Service...
[   49.099885] systemd[1]: Mounting Huge Pages File System...
         Mounting Huge Pages File System...
[   49.299891] systemd[1]: Starting Set console keymap...
         Starting Set console keymap...
[   49.475935] systemd[1]: Mounting POSIX Message Queue File System...
         Mounting POSIX Message Queue File System...
[   49.683501] systemd[1]: Starting Uncomplicated firewall...
         Starting Uncomplicated firewall...
[   49.867641] systemd[1]: Mounting Debug File System...
         Mounting Debug File System...
[   50.067851] systemd[1]: Starting Load Kernel Modules...
         [   50.226696] Loading iSCSI transport class v2.0-870.
Starting Load Ke[   50.390623] iscsi: registered transport (tcp)
rnel Modules...
[   50.431751] systemd[1]: Listening on Device-mapper event daemon FIFOs.
[[0;32m  OK  [0[   50.544399] iscsi: registered transport (iser)
m] Listening on Device-mapper event daemon FIFOs.
[   50.612037] systemd[1]: Starting Monitoring of LVM2 mirrors, snapshots etc. using dmeventd or progress polling...
         Starting Monitoring of LVM2 mirrors... dmeventd or progress polling...
[   50.745975] systemd[1]: Started Trigger resolvconf update for networkd DNS.
[[0;32m  OK  [0m] Started Trigger resolvconf update for networkd DNS.
[   50.853368] systemd[1]: Mounted Debug File System.
[[0;32m  OK  [0m] Mounted Debug File System.
[   51.056208] systemd[1]: Mounted POSIX Message Queue File System.
[[0;32m  OK  [0m] Mounted POSIX Message Queue File System.
[   51.196196] systemd[1]: Mounted Huge Pages File System.
[[0;32m  OK  [0m] Mounted Huge Pages File System.
[   51.344498] systemd[1]: Started Journal Service.
[[0;32m  OK  [0m] Started Journal Service.
[[0;32m  OK  [0m] Started Remount Root and Kernel File Systems.
[[0;32m  OK  [0m] Started Create list of required sta...ce nodes for the current kernel.
[[0;32m  OK  [0m] Started Set console keymap.
[[0;32m  OK  [0m] Started Uncomplicated firewall.
[[0;32m  OK  [0m] Started Load Kernel Modules.
[[0;32m  OK  [0m] Started Nameserver information manager.
[[0;32m  OK  [0m] Started LVM2 metadata daemon.
         Mounting FUSE Control File System...
         Starting Apply Kernel Variables...
         Starting Create Static Device Nodes in /dev...
         Starting udev Coldplug all Devices...
         Starting Load/Save Random Seed...
         Starting Initial cloud-init job (pre-networking)...
         Starting Flush Journal to Persistent Storage...
[[0;32m  OK  [0m] Mounted FUSE Control File System.
[[0;32m  OK  [0m] Started Monitoring of LVM2 mirrors,...ng dmeventd or progress polling.
[[0;32m  OK  [0m] Started Apply Kernel Variables.
[[0;32m  OK  [0m] Started Create Static Device Nodes in /dev.
[[0;32m  OK  [0m] Started Load/Save Random Seed.
[[0;32m  OK  [0m] Started udev Coldplug all Devices.
[[0;32m  OK  [0m] Started Flush Journal to Persistent Storage.
         Starting udev Kernel Device Manager...
[[0;32m  OK  [0m] Started udev Kernel Device Manager.
[[0;32m  OK  [0m] Reached target Local File Systems (Pre).
[[0;32m  OK  [0m] Reached target Local File Systems.
         Starting Set console font and keymap...
[   29.550832]          cloud-initStarting Tell Plymouth To Write Out Runtime Data...[461]: 
Cloud-init v. 17.2 running 'init-local' at Mon, 14 May 2018 11:07:53 +0000. Up 29.28 seconds.
         Starting Create Volatile Files and Directories...
         Starting LSB: AppArmor initialization...
[[0;32m  OK  [0m] Started Dispatch Password Requests to Console Directory Watch.
[[0;32m  OK  [0m] Started Set console font and keymap.
[[0;32m  OK  [0m] Started Tell Plymouth To Write Out Runtime Data.
[[0;32m  OK  [0m] Started Create Volatile Files and Directories.
[[0;32m  OK  [0m] Started Initial cloud-init job (pre-networking).
[[0;32m  OK  [0m] Found device /dev/ttyS0.
[[0;32m  OK  [0m] Listening on Load/Save RF Kill Switch Status /dev/rfkill Watch.
[[0;32m  OK  [0m] Reached target Network (Pre).
         Starting Update UTMP about System Boot/Shutdown...
[[0;32m  OK  [0m] Reached target System Time Synchronized.
[[0;32m  OK  [0m] Created slice system-getty.slice.
[[0;32m  OK  [0m] Started LSB: AppArmor initialization.
[[0;32m  OK  [0m] Started ifup for enp0s3.
         Starting Raise network interfaces...
[[0;32m  OK  [0m] Started Update UTMP about System Boot/Shutdown.
[[0;32m  OK  [0m] Started Raise network interfaces.
[[0;32m  OK  [0m] Reached target Network.
         Starting Initial cloud-init job (metadata service crawler)...
[   33.295093] cloud-init[973]: Cloud-init v. 17.2 running 'init' at Mon, 14 May 2018 11:07:56 +0000. Up 32.99 seconds.
[   33.412442] [cloud-init[0;32m  OK  [0m[973]: ] ci-info: +++++++++++++++++++++++++++++++++++++Net device info++++++++++++++++++++++++++++++++++++++Started Initial cloud-init job (metadata service crawler).

[   33.412896] cloud-init[973]: ci-info: +--------+------+----------------------------+---------------+-------+-------------------+
[   33.728802] [cloud-init[0;32m  OK  [0m[973]: ] ci-info: | Device |  Up  |          Address           |      Mask     | Scope |     Hw-Address    |Reached target Cloud-config availability.

[[0;32m  OK  [0m] Reached target Network is Online.
[   33.729330] cloud-init[973]: ci-info: +--------+------+----------------------------+---------------+-------+-------------------+
[   34.041199] cloud-init[973]: ci-info: | enp0s3 | True |         10.0.2.15          | 255.255.255.0 |   .   | 02:a0:c7:70:80:b4 |
[   34.172852]          cloud-initStarting iSCSI initiator daemon (iscsid)...[973]: 
ci-info: | enp0s3 | True | fe80::a0:c7ff:fe70:80b4/64 |       .       |  link | 02:a0:c7:70:80:b4 |
[   34.352591] [cloud-init[0;32m  OK  [0m[973]: ] ci-info: |   lo   | True |         127.0.0.1          |   255.0.0.0   |   .   |         .         |Reached target System Initialization.

[   34.353368] [cloud-init[0;32m  OK  [0m[973]: ] ci-info: |   lo   | True |          ::1/128           |       .       |  host |         .         |Listening on D-Bus System Message Bus Socket.

[   34.716420] [cloud-init[0;32m  OK  [0m[973]: ] ci-info: +--------+------+----------------------------+---------------+-------+-------------------+Started ACPI Events Check.

[[0;32m  OK  [0m] Reached target Paths.
[   34.716947] cloud-init[973]: ci-info: +++++++++++++++++++++++++++Route IPv4 info++++++++++++++++++++++++++++
[   35.036594]          cloud-initStarting Socket activation for snappy daemon.[973]: 
ci-info: +-------+-------------+----------+---------------+-----------+-------+
         Starting LXD - unix socket.
[[0;32m  OK  [0m] Listening on UUID daemon activation socket.
[   35.216472] cloud-init[973]: ci-info: | Route | Destination | Gateway  |    Genmask    | Interface | Flags |
[   35.424473] [cloud-init[0;32m  OK  [0m[973]: ] ci-info: +-------+-------------+----------+---------------+-----------+-------+Started Timer to automatically refresh installed snaps.

[   35.424925] [cloud-init[0;32m  OK  [0m[973]: ] ci-info: |   0   |   0.0.0.0   | 10.0.2.2 |    0.0.0.0    |   enp0s3  |   UG  |Started Daily Cleanup of Temporary Directories.

[   35.764567] [cloud-init[0;32m  OK  [0m[973]: ] ci-info: |   1   |   10.0.2.0  | 0.0.0.0  | 255.255.255.0 |   enp0s3  |   U   |Started Daily apt download activities.

[[0;32m  OK  [0m] Started Daily apt upgrade and clean activities.
[[0;32m  OK  [0m] Reached target Timers.
[   35.765093] cloud-init[973]: ci-info: +-------+-------------+----------+---------------+-----------+-------+
[[0;32m  OK  [0m] Listening on ACPID Listen Socket.
[[0;32m  OK  [0m] Listening on Socket activation for snappy daemon.
[[0;32m  OK  [0m] Listening on LXD - unix socket.
[[0;32m  OK  [0m] Started iSCSI initiator daemon (iscsid).
         Starting Login to default iSCSI targets...
[[0;32m  OK  [0m] Reached target Sockets.
[[0;32m  OK  [0m] Reached target Basic System.
[[0;32m  OK  [0m] Started Unattended Upgrades Shutdown.
         Starting System Logging Service...
[[0;32m  OK  [0m] Started FUSE filesystem for LXC.
[[0;32m  OK  [0m] Started Regular background program processing daemon.
[[0;32m  OK  [0m] Started Deferred execution scheduler.
         Starting Apply the settings specified in cloud-config...
[[0;32m  OK  [0m] Started ACPI event daemon.
         Starting Login Service...
         Starting /etc/rc.local Compatibility...
[[0;32m  OK  [0m] Started D-Bus System Message Bus.
         Starting Accounts Service...
         Starting LXD - container startup/shutdown...
         Starting OpenBSD Secure Shell server...
         Starting LSB: Record successful boot for GRUB...
         Starting LSB: MD monitoring daemon...
[   37.223300] cloud-init[1047]: Cloud-init v. 17.2 running 'modules:config' at Mon, 14 May 2018 11:08:01 +0000. Up 37.09 seconds.
         Starting Snappy daemon...
[[0;32m  OK  [0m] Started System Logging Service.
[[0;32m  OK  [0m] Started OpenBSD Secure Shell server.
[[0;32m  OK  [0m] Started Snappy daemon.
[[0;32m  OK  [0m] Started Apply the settings specified in cloud-config.
[[0;32m  OK  [0m] Started /etc/rc.local Compatibility.
[[0;32m  OK  [0m] Started LXD - container startup/shutdown.
[[0;32m  OK  [0m] Started Login to default iSCSI targets.
[[0;32m  OK  [0m] Started LSB: Record successful boot for GRUB.
[[0;32m  OK  [0m] Started LSB: MD monitoring daemon.
[[0;32m  OK  [0m] Started Login Service.
         Starting Authenticate and Authorize Users to Run Privileged Tasks...
[[0;32m  OK  [0m] Reached target Remote File Systems (Pre).
[[0;32m  OK  [0m] Reached target Remote File Systems.
         Starting LSB: VirtualBox Linux Additions...
         Starting LSB: Set the CPU Frequency Scaling governor to "ondemand"...
         Starting LSB: automatic crash report generation...
         Starting LSB: daemon to balance interrupts for SMP systems...
         Starting Permit User Sessions...
[[0;32m  OK  [0m] Started Permit User Sessions.
[[0;32m  OK  [0m] Started Authenticate and Authorize Users to Run Privileged Tasks.
[[0;32m  OK  [0m] Started Accounts Service.
[[0;32m  OK  [0m] Started LSB: Set the CPU Frequency Scaling governor to "ondemand".
[[0;32m  OK  [0m] Started LSB: VirtualBox Linux Additions.
[[0;32m  OK  [0m] Created slice User Slice of vagrant.
         Starting User Manager for UID 1000...
[[0;32m  OK  [0m] Started Session 1 of user vagrant.
         Starting Terminate Plymouth Boot Screen...
         Starting Hold until boot process finishes up...
[[0;32m  OK  [0m] Started User Manager for UID 1000.
[[0;32m  OK  [0m] Started LSB: automatic crash report generation.
[[0;32m  OK  [0m] Started LSB: daemon to balance interrupts for SMP systems.
[[0;32m  OK  [0m] Started Terminate Plymouth Boot Screen.
[[0;32m  OK  [0m] Started Hold until boot process finishes up.
[[0;32m  OK  [0m] Started Getty on tty1.
[[0;32m  OK  [0m] Started Serial Getty on ttyS0.
[[0;32m  OK  [0m] Reached target Login Prompts.
         Starting Set console scheme...
[[0;32m  OK  [0m] Reached target Multi-User System.
         Starting Execute cloud user/final scripts...
[[0;32m  OK  [0m] Reached target Graphical Interface.
         Starting Update UTMP about System Runlevel Changes...
[[0;32m  OK  [0m] Started Set console scheme.
[[0;32m  OK  [0m] Started Update UTMP about System Runlevel Changes.
[   40.353609] cloud-init[1221]: Cloud-init v. 17.2 running 'modules:final' at Mon, 14 May 2018 11:08:04 +0000. Up 40.23 seconds.
[   40.417532] cloud-init[1221]: Cloud-init v. 17.2 finished at Mon, 14 May 2018 11:08:04 +0000. Datasource DataSourceNoCloud [seed=/dev/sdb][dsmode=net].  Up 40.34 seconds
[[0;32m  OK  [0m] Started Execute cloud user/final scripts.
         Starting Daily apt download activities...
[[0;32m  OK  [0m] Reached target Cloud-init target.
         Stopping User Manager for UID 1000...
[[0;32m  OK  [0m] Stopped User Manager for UID 1000.
[[0;32m  OK  [0m] Removed slice User Slice of vagrant.

Ubuntu 16.04.4 LTS ubuntu-xenial ttyS0

ubuntu-xenial login: 